D:\_1code_project\codepulse\api\CodePulse.API.NEW\CodePulse.API.NEW\ui.src\codepulse\dist\out-tsc\app\features\category\category-list\category-list.component.js
D:\_1code_project\codepulse\api\CodePulse.API.NEW\CodePulse.API.NEW\ui.src\codepulse\dist\out-tsc\app\features\category\category-list\category-list.component.js.map
D:\_1code_project\codepulse\api\CodePulse.API.NEW\CodePulse.API.NEW\ui.src\codepulse\dist\out-tsc\app\features\category\models\add-category-request.model.js
D:\_1code_project\codepulse\api\CodePulse.API.NEW\CodePulse.API.NEW\ui.src\codepulse\dist\out-tsc\app\features\category\models\add-category-request.model.js.map
D:\_1code_project\codepulse\api\CodePulse.API.NEW\CodePulse.API.NEW\ui.src\codepulse\dist\out-tsc\app\features\category\services\category.service.js
D:\_1code_project\codepulse\api\CodePulse.API.NEW\CodePulse.API.NEW\ui.src\codepulse\dist\out-tsc\app\features\category\services\category.service.js.map
D:\_1code_project\codepulse\api\CodePulse.API.NEW\CodePulse.API.NEW\ui.src\codepulse\dist\out-tsc\app\features\category\add-category\add-category.component.js
D:\_1code_project\codepulse\api\CodePulse.API.NEW\CodePulse.API.NEW\ui.src\codepulse\dist\out-tsc\app\features\category\add-category\add-category.component.js.map
D:\_1code_project\codepulse\api\CodePulse.API.NEW\CodePulse.API.NEW\ui.src\codepulse\dist\out-tsc\app\app-routing.module.js
D:\_1code_project\codepulse\api\CodePulse.API.NEW\CodePulse.API.NEW\ui.src\codepulse\dist\out-tsc\app\app-routing.module.js.map
D:\_1code_project\codepulse\api\CodePulse.API.NEW\CodePulse.API.NEW\ui.src\codepulse\dist\out-tsc\app\app.component.js
D:\_1code_project\codepulse\api\CodePulse.API.NEW\CodePulse.API.NEW\ui.src\codepulse\dist\out-tsc\app\app.component.js.map
D:\_1code_project\codepulse\api\CodePulse.API.NEW\CodePulse.API.NEW\ui.src\codepulse\dist\out-tsc\app\core\components\navbar\navbar.component.js
D:\_1code_project\codepulse\api\CodePulse.API.NEW\CodePulse.API.NEW\ui.src\codepulse\dist\out-tsc\app\core\components\navbar\navbar.component.js.map
D:\_1code_project\codepulse\api\CodePulse.API.NEW\CodePulse.API.NEW\ui.src\codepulse\dist\out-tsc\app\app.module.js
D:\_1code_project\codepulse\api\CodePulse.API.NEW\CodePulse.API.NEW\ui.src\codepulse\dist\out-tsc\app\app.module.js.map
D:\_1code_project\codepulse\api\CodePulse.API.NEW\CodePulse.API.NEW\ui.src\codepulse\dist\out-tsc\environments\environment.js
D:\_1code_project\codepulse\api\CodePulse.API.NEW\CodePulse.API.NEW\ui.src\codepulse\dist\out-tsc\environments\environment.js.map
D:\_1code_project\codepulse\api\CodePulse.API.NEW\CodePulse.API.NEW\ui.src\codepulse\dist\out-tsc\main.js
D:\_1code_project\codepulse\api\CodePulse.API.NEW\CodePulse.API.NEW\ui.src\codepulse\dist\out-tsc\main.js.map
D:\_1code_project\codepulse\api\CodePulse.API.NEW\CodePulse.API.NEW\ui.src\codepulse\dist\out-tsc\polyfills.js
D:\_1code_project\codepulse\api\CodePulse.API.NEW\CodePulse.API.NEW\ui.src\codepulse\dist\out-tsc\polyfills.js.map
D:\_1code_project\codepulse\api\CodePulse.API.NEW\CodePulse.API.NEW\ui.src\codepulse\dist\out-tsc\test.js
D:\_1code_project\codepulse\api\CodePulse.API.NEW\CodePulse.API.NEW\ui.src\codepulse\dist\out-tsc\test.js.map
D:\_1code_project\codepulse\api\CodePulse.API.NEW\CodePulse.API.NEW\ui.src\codepulse\dist\out-tsc\app\app.component.spec.js
D:\_1code_project\codepulse\api\CodePulse.API.NEW\CodePulse.API.NEW\ui.src\codepulse\dist\out-tsc\app\app.component.spec.js.map
D:\_1code_project\codepulse\api\CodePulse.API.NEW\CodePulse.API.NEW\ui.src\codepulse\dist\out-tsc\app\core\components\navbar\navbar.component.spec.js
D:\_1code_project\codepulse\api\CodePulse.API.NEW\CodePulse.API.NEW\ui.src\codepulse\dist\out-tsc\app\core\components\navbar\navbar.component.spec.js.map
D:\_1code_project\codepulse\api\CodePulse.API.NEW\CodePulse.API.NEW\ui.src\codepulse\dist\out-tsc\app\features\category\add-category\add-category.component.spec.js
D:\_1code_project\codepulse\api\CodePulse.API.NEW\CodePulse.API.NEW\ui.src\codepulse\dist\out-tsc\app\features\category\add-category\add-category.component.spec.js.map
D:\_1code_project\codepulse\api\CodePulse.API.NEW\CodePulse.API.NEW\ui.src\codepulse\dist\out-tsc\app\features\category\category-list\category-list.component.spec.js
D:\_1code_project\codepulse\api\CodePulse.API.NEW\CodePulse.API.NEW\ui.src\codepulse\dist\out-tsc\app\features\category\category-list\category-list.component.spec.js.map
D:\_1code_project\codepulse\api\CodePulse.API.NEW\CodePulse.API.NEW\ui.src\codepulse\dist\out-tsc\app\features\category\services\category.service.spec.js
D:\_1code_project\codepulse\api\CodePulse.API.NEW\CodePulse.API.NEW\ui.src\codepulse\dist\out-tsc\app\features\category\services\category.service.spec.js.map
D:\_1code_project\codepulse\api\CodePulse.API.NEW\CodePulse.API.NEW\ui.src\codepulse\dist\out-tsc\environments\environment.prod.js
D:\_1code_project\codepulse\api\CodePulse.API.NEW\CodePulse.API.NEW\ui.src\codepulse\dist\out-tsc\environments\environment.prod.js.map
